<?xml version="1.0" encoding="UTF-8"?>
<testsuite xmlns:xsi="http://www.w3.org/2001/XMLSchema-instance" xsi:noNamespaceSchemaLocation="https://maven.apache.org/surefire/maven-surefire-plugin/xsd/surefire-test-report-3.0.xsd" version="3.0" name="com.arjuncodes.springbootcrud.SpringbootCrudApplicationTests" time="8.269" tests="1" errors="0" skipped="0" failures="0">
  <properties>
    <property name="java.specification.version" value="17"/>
    <property name="sun.jnu.encoding" value="UTF-8"/>
    <property name="java.class.path" value="/home/sujay/Spring-boot-crud/target/test-classes:/home/sujay/Spring-boot-crud/target/classes:/home/sujay/.m2/repository/org/springframework/boot/spring-boot-starter-data-jpa/3.3.0-SNAPSHOT/spring-boot-starter-data-jpa-3.3.0-SNAPSHOT.jar:/home/sujay/.m2/repository/org/springframework/boot/spring-boot-starter-aop/3.3.0-SNAPSHOT/spring-boot-starter-aop-3.3.0-SNAPSHOT.jar:/home/sujay/.m2/repository/org/springframework/spring-aop/6.1.4-SNAPSHOT/spring-aop-6.1.4-SNAPSHOT.jar:/home/sujay/.m2/repository/org/aspectj/aspectjweaver/1.9.21/aspectjweaver-1.9.21.jar:/home/sujay/.m2/repository/org/springframework/boot/spring-boot-starter-jdbc/3.3.0-SNAPSHOT/spring-boot-starter-jdbc-3.3.0-SNAPSHOT.jar:/home/sujay/.m2/repository/com/zaxxer/HikariCP/5.1.0/HikariCP-5.1.0.jar:/home/sujay/.m2/repository/org/springframework/spring-jdbc/6.1.4-SNAPSHOT/spring-jdbc-6.1.4-SNAPSHOT.jar:/home/sujay/.m2/repository/org/hibernate/orm/hibernate-core/6.4.1.Final/hibernate-core-6.4.1.Final.jar:/home/sujay/.m2/repository/jakarta/persistence/jakarta.persistence-api/3.1.0/jakarta.persistence-api-3.1.0.jar:/home/sujay/.m2/repository/jakarta/transaction/jakarta.transaction-api/2.0.1/jakarta.transaction-api-2.0.1.jar:/home/sujay/.m2/repository/org/jboss/logging/jboss-logging/3.5.3.Final/jboss-logging-3.5.3.Final.jar:/home/sujay/.m2/repository/org/hibernate/common/hibernate-commons-annotations/6.0.6.Final/hibernate-commons-annotations-6.0.6.Final.jar:/home/sujay/.m2/repository/io/smallrye/jandex/3.1.2/jandex-3.1.2.jar:/home/sujay/.m2/repository/com/fasterxml/classmate/1.7.0/classmate-1.7.0.jar:/home/sujay/.m2/repository/net/bytebuddy/byte-buddy/1.14.11/byte-buddy-1.14.11.jar:/home/sujay/.m2/repository/org/glassfish/jaxb/jaxb-runtime/4.0.4/jaxb-runtime-4.0.4.jar:/home/sujay/.m2/repository/org/glassfish/jaxb/jaxb-core/4.0.4/jaxb-core-4.0.4.jar:/home/sujay/.m2/repository/org/eclipse/angus/angus-activation/2.0.1/angus-activation-2.0.1.jar:/home/sujay/.m2/repository/org/glassfish/jaxb/txw2/4.0.4/txw2-4.0.4.jar:/home/sujay/.m2/repository/com/sun/istack/istack-commons-runtime/4.1.2/istack-commons-runtime-4.1.2.jar:/home/sujay/.m2/repository/jakarta/inject/jakarta.inject-api/2.0.1/jakarta.inject-api-2.0.1.jar:/home/sujay/.m2/repository/org/antlr/antlr4-runtime/4.13.0/antlr4-runtime-4.13.0.jar:/home/sujay/.m2/repository/org/springframework/data/spring-data-jpa/3.2.3-SNAPSHOT/spring-data-jpa-3.2.3-SNAPSHOT.jar:/home/sujay/.m2/repository/org/springframework/data/spring-data-commons/3.2.3-SNAPSHOT/spring-data-commons-3.2.3-SNAPSHOT.jar:/home/sujay/.m2/repository/org/springframework/spring-orm/6.1.4-SNAPSHOT/spring-orm-6.1.4-SNAPSHOT.jar:/home/sujay/.m2/repository/org/springframework/spring-context/6.1.4-SNAPSHOT/spring-context-6.1.4-SNAPSHOT.jar:/home/sujay/.m2/repository/org/springframework/spring-tx/6.1.4-SNAPSHOT/spring-tx-6.1.4-SNAPSHOT.jar:/home/sujay/.m2/repository/org/springframework/spring-beans/6.1.4-SNAPSHOT/spring-beans-6.1.4-SNAPSHOT.jar:/home/sujay/.m2/repository/jakarta/annotation/jakarta.annotation-api/2.1.1/jakarta.annotation-api-2.1.1.jar:/home/sujay/.m2/repository/org/slf4j/slf4j-api/2.0.11/slf4j-api-2.0.11.jar:/home/sujay/.m2/repository/org/springframework/spring-aspects/6.1.4-SNAPSHOT/spring-aspects-6.1.4-SNAPSHOT.jar:/home/sujay/.m2/repository/org/springframework/boot/spring-boot-starter-web/3.3.0-SNAPSHOT/spring-boot-starter-web-3.3.0-SNAPSHOT.jar:/home/sujay/.m2/repository/org/springframework/boot/spring-boot-starter/3.3.0-SNAPSHOT/spring-boot-starter-3.3.0-SNAPSHOT.jar:/home/sujay/.m2/repository/org/springframework/boot/spring-boot/3.3.0-SNAPSHOT/spring-boot-3.3.0-SNAPSHOT.jar:/home/sujay/.m2/repository/org/springframework/boot/spring-boot-autoconfigure/3.3.0-SNAPSHOT/spring-boot-autoconfigure-3.3.0-SNAPSHOT.jar:/home/sujay/.m2/repository/org/springframework/boot/spring-boot-starter-logging/3.3.0-SNAPSHOT/spring-boot-starter-logging-3.3.0-SNAPSHOT.jar:/home/sujay/.m2/repository/ch/qos/logback/logback-classic/1.4.14/logback-classic-1.4.14.jar:/home/sujay/.m2/repository/ch/qos/logback/logback-core/1.4.14/logback-core-1.4.14.jar:/home/sujay/.m2/repository/org/apache/logging/log4j/log4j-to-slf4j/2.22.1/log4j-to-slf4j-2.22.1.jar:/home/sujay/.m2/repository/org/apache/logging/log4j/log4j-api/2.22.1/log4j-api-2.22.1.jar:/home/sujay/.m2/repository/org/slf4j/jul-to-slf4j/2.0.11/jul-to-slf4j-2.0.11.jar:/home/sujay/.m2/repository/org/yaml/snakeyaml/2.2/snakeyaml-2.2.jar:/home/sujay/.m2/repository/org/springframework/boot/spring-boot-starter-json/3.3.0-SNAPSHOT/spring-boot-starter-json-3.3.0-SNAPSHOT.jar:/home/sujay/.m2/repository/com/fasterxml/jackson/core/jackson-databind/2.16.1/jackson-databind-2.16.1.jar:/home/sujay/.m2/repository/com/fasterxml/jackson/core/jackson-annotations/2.16.1/jackson-annotations-2.16.1.jar:/home/sujay/.m2/repository/com/fasterxml/jackson/core/jackson-core/2.16.1/jackson-core-2.16.1.jar:/home/sujay/.m2/repository/com/fasterxml/jackson/datatype/jackson-datatype-jdk8/2.16.1/jackson-datatype-jdk8-2.16.1.jar:/home/sujay/.m2/repository/com/fasterxml/jackson/datatype/jackson-datatype-jsr310/2.16.1/jackson-datatype-jsr310-2.16.1.jar:/home/sujay/.m2/repository/com/fasterxml/jackson/module/jackson-module-parameter-names/2.16.1/jackson-module-parameter-names-2.16.1.jar:/home/sujay/.m2/repository/org/springframework/boot/spring-boot-starter-tomcat/3.3.0-SNAPSHOT/spring-boot-starter-tomcat-3.3.0-SNAPSHOT.jar:/home/sujay/.m2/repository/org/apache/tomcat/embed/tomcat-embed-core/10.1.18/tomcat-embed-core-10.1.18.jar:/home/sujay/.m2/repository/org/apache/tomcat/embed/tomcat-embed-el/10.1.18/tomcat-embed-el-10.1.18.jar:/home/sujay/.m2/repository/org/apache/tomcat/embed/tomcat-embed-websocket/10.1.18/tomcat-embed-websocket-10.1.18.jar:/home/sujay/.m2/repository/org/springframework/spring-web/6.1.4-SNAPSHOT/spring-web-6.1.4-SNAPSHOT.jar:/home/sujay/.m2/repository/io/micrometer/micrometer-observation/1.13.0-M1/micrometer-observation-1.13.0-M1.jar:/home/sujay/.m2/repository/io/micrometer/micrometer-commons/1.13.0-M1/micrometer-commons-1.13.0-M1.jar:/home/sujay/.m2/repository/org/springframework/spring-webmvc/6.1.4-SNAPSHOT/spring-webmvc-6.1.4-SNAPSHOT.jar:/home/sujay/.m2/repository/org/springframework/spring-expression/6.1.4-SNAPSHOT/spring-expression-6.1.4-SNAPSHOT.jar:/home/sujay/.m2/repository/com/mysql/mysql-connector-j/8.3.0/mysql-connector-j-8.3.0.jar:/home/sujay/.m2/repository/org/springframework/boot/spring-boot-starter-test/3.3.0-SNAPSHOT/spring-boot-starter-test-3.3.0-SNAPSHOT.jar:/home/sujay/.m2/repository/org/springframework/boot/spring-boot-test/3.3.0-SNAPSHOT/spring-boot-test-3.3.0-SNAPSHOT.jar:/home/sujay/.m2/repository/org/springframework/boot/spring-boot-test-autoconfigure/3.3.0-SNAPSHOT/spring-boot-test-autoconfigure-3.3.0-SNAPSHOT.jar:/home/sujay/.m2/repository/com/jayway/jsonpath/json-path/2.9.0/json-path-2.9.0.jar:/home/sujay/.m2/repository/jakarta/xml/bind/jakarta.xml.bind-api/4.0.1/jakarta.xml.bind-api-4.0.1.jar:/home/sujay/.m2/repository/jakarta/activation/jakarta.activation-api/2.1.2/jakarta.activation-api-2.1.2.jar:/home/sujay/.m2/repository/net/minidev/json-smart/2.5.0/json-smart-2.5.0.jar:/home/sujay/.m2/repository/net/minidev/accessors-smart/2.5.0/accessors-smart-2.5.0.jar:/home/sujay/.m2/repository/org/ow2/asm/asm/9.3/asm-9.3.jar:/home/sujay/.m2/repository/org/assertj/assertj-core/3.25.1/assertj-core-3.25.1.jar:/home/sujay/.m2/repository/org/awaitility/awaitility/4.2.0/awaitility-4.2.0.jar:/home/sujay/.m2/repository/org/hamcrest/hamcrest/2.2/hamcrest-2.2.jar:/home/sujay/.m2/repository/org/junit/jupiter/junit-jupiter/5.10.1/junit-jupiter-5.10.1.jar:/home/sujay/.m2/repository/org/junit/jupiter/junit-jupiter-api/5.10.1/junit-jupiter-api-5.10.1.jar:/home/sujay/.m2/repository/org/opentest4j/opentest4j/1.3.0/opentest4j-1.3.0.jar:/home/sujay/.m2/repository/org/junit/platform/junit-platform-commons/1.10.1/junit-platform-commons-1.10.1.jar:/home/sujay/.m2/repository/org/apiguardian/apiguardian-api/1.1.2/apiguardian-api-1.1.2.jar:/home/sujay/.m2/repository/org/junit/jupiter/junit-jupiter-params/5.10.1/junit-jupiter-params-5.10.1.jar:/home/sujay/.m2/repository/org/junit/jupiter/junit-jupiter-engine/5.10.1/junit-jupiter-engine-5.10.1.jar:/home/sujay/.m2/repository/org/junit/platform/junit-platform-engine/1.10.1/junit-platform-engine-1.10.1.jar:/home/sujay/.m2/repository/org/mockito/mockito-core/5.9.0/mockito-core-5.9.0.jar:/home/sujay/.m2/repository/net/bytebuddy/byte-buddy-agent/1.14.11/byte-buddy-agent-1.14.11.jar:/home/sujay/.m2/repository/org/objenesis/objenesis/3.3/objenesis-3.3.jar:/home/sujay/.m2/repository/org/mockito/mockito-junit-jupiter/5.9.0/mockito-junit-jupiter-5.9.0.jar:/home/sujay/.m2/repository/org/skyscreamer/jsonassert/1.5.1/jsonassert-1.5.1.jar:/home/sujay/.m2/repository/com/vaadin/external/google/android-json/0.0.20131108.vaadin1/android-json-0.0.20131108.vaadin1.jar:/home/sujay/.m2/repository/org/springframework/spring-core/6.1.4-SNAPSHOT/spring-core-6.1.4-SNAPSHOT.jar:/home/sujay/.m2/repository/org/springframework/spring-jcl/6.1.4-SNAPSHOT/spring-jcl-6.1.4-SNAPSHOT.jar:/home/sujay/.m2/repository/org/springframework/spring-test/6.1.4-SNAPSHOT/spring-test-6.1.4-SNAPSHOT.jar:/home/sujay/.m2/repository/org/xmlunit/xmlunit-core/2.9.1/xmlunit-core-2.9.1.jar:"/>
    <property name="java.vm.vendor" value="Private Build"/>
    <property name="sun.arch.data.model" value="64"/>
    <property name="java.vendor.url" value="Unknown"/>
    <property name="user.timezone" value="Asia/Kolkata"/>
    <property name="org.jboss.logging.provider" value="slf4j"/>
    <property name="os.name" value="Linux"/>
    <property name="java.vm.specification.version" value="17"/>
    <property name="sun.java.launcher" value="SUN_STANDARD"/>
    <property name="user.country" value="IN"/>
    <property name="sun.boot.library.path" value="/usr/lib/jvm/java-17-openjdk-amd64/lib"/>
    <property name="sun.java.command" value="/home/sujay/Spring-boot-crud/target/surefire/surefirebooter-20240219130907348_3.jar /home/sujay/Spring-boot-crud/target/surefire 2024-02-19T13-09-07_228-jvmRun1 surefire-20240219130907348_1tmp surefire_0-20240219130907348_2tmp"/>
    <property name="jdk.debug" value="release"/>
    <property name="surefire.test.class.path" value="/home/sujay/Spring-boot-crud/target/test-classes:/home/sujay/Spring-boot-crud/target/classes:/home/sujay/.m2/repository/org/springframework/boot/spring-boot-starter-data-jpa/3.3.0-SNAPSHOT/spring-boot-starter-data-jpa-3.3.0-SNAPSHOT.jar:/home/sujay/.m2/repository/org/springframework/boot/spring-boot-starter-aop/3.3.0-SNAPSHOT/spring-boot-starter-aop-3.3.0-SNAPSHOT.jar:/home/sujay/.m2/repository/org/springframework/spring-aop/6.1.4-SNAPSHOT/spring-aop-6.1.4-SNAPSHOT.jar:/home/sujay/.m2/repository/org/aspectj/aspectjweaver/1.9.21/aspectjweaver-1.9.21.jar:/home/sujay/.m2/repository/org/springframework/boot/spring-boot-starter-jdbc/3.3.0-SNAPSHOT/spring-boot-starter-jdbc-3.3.0-SNAPSHOT.jar:/home/sujay/.m2/repository/com/zaxxer/HikariCP/5.1.0/HikariCP-5.1.0.jar:/home/sujay/.m2/repository/org/springframework/spring-jdbc/6.1.4-SNAPSHOT/spring-jdbc-6.1.4-SNAPSHOT.jar:/home/sujay/.m2/repository/org/hibernate/orm/hibernate-core/6.4.1.Final/hibernate-core-6.4.1.Final.jar:/home/sujay/.m2/repository/jakarta/persistence/jakarta.persistence-api/3.1.0/jakarta.persistence-api-3.1.0.jar:/home/sujay/.m2/repository/jakarta/transaction/jakarta.transaction-api/2.0.1/jakarta.transaction-api-2.0.1.jar:/home/sujay/.m2/repository/org/jboss/logging/jboss-logging/3.5.3.Final/jboss-logging-3.5.3.Final.jar:/home/sujay/.m2/repository/org/hibernate/common/hibernate-commons-annotations/6.0.6.Final/hibernate-commons-annotations-6.0.6.Final.jar:/home/sujay/.m2/repository/io/smallrye/jandex/3.1.2/jandex-3.1.2.jar:/home/sujay/.m2/repository/com/fasterxml/classmate/1.7.0/classmate-1.7.0.jar:/home/sujay/.m2/repository/net/bytebuddy/byte-buddy/1.14.11/byte-buddy-1.14.11.jar:/home/sujay/.m2/repository/org/glassfish/jaxb/jaxb-runtime/4.0.4/jaxb-runtime-4.0.4.jar:/home/sujay/.m2/repository/org/glassfish/jaxb/jaxb-core/4.0.4/jaxb-core-4.0.4.jar:/home/sujay/.m2/repository/org/eclipse/angus/angus-activation/2.0.1/angus-activation-2.0.1.jar:/home/sujay/.m2/repository/org/glassfish/jaxb/txw2/4.0.4/txw2-4.0.4.jar:/home/sujay/.m2/repository/com/sun/istack/istack-commons-runtime/4.1.2/istack-commons-runtime-4.1.2.jar:/home/sujay/.m2/repository/jakarta/inject/jakarta.inject-api/2.0.1/jakarta.inject-api-2.0.1.jar:/home/sujay/.m2/repository/org/antlr/antlr4-runtime/4.13.0/antlr4-runtime-4.13.0.jar:/home/sujay/.m2/repository/org/springframework/data/spring-data-jpa/3.2.3-SNAPSHOT/spring-data-jpa-3.2.3-SNAPSHOT.jar:/home/sujay/.m2/repository/org/springframework/data/spring-data-commons/3.2.3-SNAPSHOT/spring-data-commons-3.2.3-SNAPSHOT.jar:/home/sujay/.m2/repository/org/springframework/spring-orm/6.1.4-SNAPSHOT/spring-orm-6.1.4-SNAPSHOT.jar:/home/sujay/.m2/repository/org/springframework/spring-context/6.1.4-SNAPSHOT/spring-context-6.1.4-SNAPSHOT.jar:/home/sujay/.m2/repository/org/springframework/spring-tx/6.1.4-SNAPSHOT/spring-tx-6.1.4-SNAPSHOT.jar:/home/sujay/.m2/repository/org/springframework/spring-beans/6.1.4-SNAPSHOT/spring-beans-6.1.4-SNAPSHOT.jar:/home/sujay/.m2/repository/jakarta/annotation/jakarta.annotation-api/2.1.1/jakarta.annotation-api-2.1.1.jar:/home/sujay/.m2/repository/org/slf4j/slf4j-api/2.0.11/slf4j-api-2.0.11.jar:/home/sujay/.m2/repository/org/springframework/spring-aspects/6.1.4-SNAPSHOT/spring-aspects-6.1.4-SNAPSHOT.jar:/home/sujay/.m2/repository/org/springframework/boot/spring-boot-starter-web/3.3.0-SNAPSHOT/spring-boot-starter-web-3.3.0-SNAPSHOT.jar:/home/sujay/.m2/repository/org/springframework/boot/spring-boot-starter/3.3.0-SNAPSHOT/spring-boot-starter-3.3.0-SNAPSHOT.jar:/home/sujay/.m2/repository/org/springframework/boot/spring-boot/3.3.0-SNAPSHOT/spring-boot-3.3.0-SNAPSHOT.jar:/home/sujay/.m2/repository/org/springframework/boot/spring-boot-autoconfigure/3.3.0-SNAPSHOT/spring-boot-autoconfigure-3.3.0-SNAPSHOT.jar:/home/sujay/.m2/repository/org/springframework/boot/spring-boot-starter-logging/3.3.0-SNAPSHOT/spring-boot-starter-logging-3.3.0-SNAPSHOT.jar:/home/sujay/.m2/repository/ch/qos/logback/logback-classic/1.4.14/logback-classic-1.4.14.jar:/home/sujay/.m2/repository/ch/qos/logback/logback-core/1.4.14/logback-core-1.4.14.jar:/home/sujay/.m2/repository/org/apache/logging/log4j/log4j-to-slf4j/2.22.1/log4j-to-slf4j-2.22.1.jar:/home/sujay/.m2/repository/org/apache/logging/log4j/log4j-api/2.22.1/log4j-api-2.22.1.jar:/home/sujay/.m2/repository/org/slf4j/jul-to-slf4j/2.0.11/jul-to-slf4j-2.0.11.jar:/home/sujay/.m2/repository/org/yaml/snakeyaml/2.2/snakeyaml-2.2.jar:/home/sujay/.m2/repository/org/springframework/boot/spring-boot-starter-json/3.3.0-SNAPSHOT/spring-boot-starter-json-3.3.0-SNAPSHOT.jar:/home/sujay/.m2/repository/com/fasterxml/jackson/core/jackson-databind/2.16.1/jackson-databind-2.16.1.jar:/home/sujay/.m2/repository/com/fasterxml/jackson/core/jackson-annotations/2.16.1/jackson-annotations-2.16.1.jar:/home/sujay/.m2/repository/com/fasterxml/jackson/core/jackson-core/2.16.1/jackson-core-2.16.1.jar:/home/sujay/.m2/repository/com/fasterxml/jackson/datatype/jackson-datatype-jdk8/2.16.1/jackson-datatype-jdk8-2.16.1.jar:/home/sujay/.m2/repository/com/fasterxml/jackson/datatype/jackson-datatype-jsr310/2.16.1/jackson-datatype-jsr310-2.16.1.jar:/home/sujay/.m2/repository/com/fasterxml/jackson/module/jackson-module-parameter-names/2.16.1/jackson-module-parameter-names-2.16.1.jar:/home/sujay/.m2/repository/org/springframework/boot/spring-boot-starter-tomcat/3.3.0-SNAPSHOT/spring-boot-starter-tomcat-3.3.0-SNAPSHOT.jar:/home/sujay/.m2/repository/org/apache/tomcat/embed/tomcat-embed-core/10.1.18/tomcat-embed-core-10.1.18.jar:/home/sujay/.m2/repository/org/apache/tomcat/embed/tomcat-embed-el/10.1.18/tomcat-embed-el-10.1.18.jar:/home/sujay/.m2/repository/org/apache/tomcat/embed/tomcat-embed-websocket/10.1.18/tomcat-embed-websocket-10.1.18.jar:/home/sujay/.m2/repository/org/springframework/spring-web/6.1.4-SNAPSHOT/spring-web-6.1.4-SNAPSHOT.jar:/home/sujay/.m2/repository/io/micrometer/micrometer-observation/1.13.0-M1/micrometer-observation-1.13.0-M1.jar:/home/sujay/.m2/repository/io/micrometer/micrometer-commons/1.13.0-M1/micrometer-commons-1.13.0-M1.jar:/home/sujay/.m2/repository/org/springframework/spring-webmvc/6.1.4-SNAPSHOT/spring-webmvc-6.1.4-SNAPSHOT.jar:/home/sujay/.m2/repository/org/springframework/spring-expression/6.1.4-SNAPSHOT/spring-expression-6.1.4-SNAPSHOT.jar:/home/sujay/.m2/repository/com/mysql/mysql-connector-j/8.3.0/mysql-connector-j-8.3.0.jar:/home/sujay/.m2/repository/org/springframework/boot/spring-boot-starter-test/3.3.0-SNAPSHOT/spring-boot-starter-test-3.3.0-SNAPSHOT.jar:/home/sujay/.m2/repository/org/springframework/boot/spring-boot-test/3.3.0-SNAPSHOT/spring-boot-test-3.3.0-SNAPSHOT.jar:/home/sujay/.m2/repository/org/springframework/boot/spring-boot-test-autoconfigure/3.3.0-SNAPSHOT/spring-boot-test-autoconfigure-3.3.0-SNAPSHOT.jar:/home/sujay/.m2/repository/com/jayway/jsonpath/json-path/2.9.0/json-path-2.9.0.jar:/home/sujay/.m2/repository/jakarta/xml/bind/jakarta.xml.bind-api/4.0.1/jakarta.xml.bind-api-4.0.1.jar:/home/sujay/.m2/repository/jakarta/activation/jakarta.activation-api/2.1.2/jakarta.activation-api-2.1.2.jar:/home/sujay/.m2/repository/net/minidev/json-smart/2.5.0/json-smart-2.5.0.jar:/home/sujay/.m2/repository/net/minidev/accessors-smart/2.5.0/accessors-smart-2.5.0.jar:/home/sujay/.m2/repository/org/ow2/asm/asm/9.3/asm-9.3.jar:/home/sujay/.m2/repository/org/assertj/assertj-core/3.25.1/assertj-core-3.25.1.jar:/home/sujay/.m2/repository/org/awaitility/awaitility/4.2.0/awaitility-4.2.0.jar:/home/sujay/.m2/repository/org/hamcrest/hamcrest/2.2/hamcrest-2.2.jar:/home/sujay/.m2/repository/org/junit/jupiter/junit-jupiter/5.10.1/junit-jupiter-5.10.1.jar:/home/sujay/.m2/repository/org/junit/jupiter/junit-jupiter-api/5.10.1/junit-jupiter-api-5.10.1.jar:/home/sujay/.m2/repository/org/opentest4j/opentest4j/1.3.0/opentest4j-1.3.0.jar:/home/sujay/.m2/repository/org/junit/platform/junit-platform-commons/1.10.1/junit-platform-commons-1.10.1.jar:/home/sujay/.m2/repository/org/apiguardian/apiguardian-api/1.1.2/apiguardian-api-1.1.2.jar:/home/sujay/.m2/repository/org/junit/jupiter/junit-jupiter-params/5.10.1/junit-jupiter-params-5.10.1.jar:/home/sujay/.m2/repository/org/junit/jupiter/junit-jupiter-engine/5.10.1/junit-jupiter-engine-5.10.1.jar:/home/sujay/.m2/repository/org/junit/platform/junit-platform-engine/1.10.1/junit-platform-engine-1.10.1.jar:/home/sujay/.m2/repository/org/mockito/mockito-core/5.9.0/mockito-core-5.9.0.jar:/home/sujay/.m2/repository/net/bytebuddy/byte-buddy-agent/1.14.11/byte-buddy-agent-1.14.11.jar:/home/sujay/.m2/repository/org/objenesis/objenesis/3.3/objenesis-3.3.jar:/home/sujay/.m2/repository/org/mockito/mockito-junit-jupiter/5.9.0/mockito-junit-jupiter-5.9.0.jar:/home/sujay/.m2/repository/org/skyscreamer/jsonassert/1.5.1/jsonassert-1.5.1.jar:/home/sujay/.m2/repository/com/vaadin/external/google/android-json/0.0.20131108.vaadin1/android-json-0.0.20131108.vaadin1.jar:/home/sujay/.m2/repository/org/springframework/spring-core/6.1.4-SNAPSHOT/spring-core-6.1.4-SNAPSHOT.jar:/home/sujay/.m2/repository/org/springframework/spring-jcl/6.1.4-SNAPSHOT/spring-jcl-6.1.4-SNAPSHOT.jar:/home/sujay/.m2/repository/org/springframework/spring-test/6.1.4-SNAPSHOT/spring-test-6.1.4-SNAPSHOT.jar:/home/sujay/.m2/repository/org/xmlunit/xmlunit-core/2.9.1/xmlunit-core-2.9.1.jar:"/>
    <property name="sun.cpu.endian" value="little"/>
    <property name="user.home" value="/home/sujay"/>
    <property name="user.language" value="en"/>
    <property name="java.specification.vendor" value="Oracle Corporation"/>
    <property name="java.version.date" value="2023-10-17"/>
    <property name="java.home" value="/usr/lib/jvm/java-17-openjdk-amd64"/>
    <property name="file.separator" value="/"/>
    <property name="basedir" value="/home/sujay/Spring-boot-crud"/>
    <property name="java.vm.compressedOopsMode" value="32-bit"/>
    <property name="line.separator" value="&#10;"/>
    <property name="java.specification.name" value="Java Platform API Specification"/>
    <property name="java.vm.specification.vendor" value="Oracle Corporation"/>
    <property name="FILE_LOG_CHARSET" value="UTF-8"/>
    <property name="java.awt.headless" value="true"/>
    <property name="surefire.real.class.path" value="/home/sujay/Spring-boot-crud/target/surefire/surefirebooter-20240219130907348_3.jar"/>
    <property name="sun.management.compiler" value="HotSpot 64-Bit Tiered Compilers"/>
    <property name="java.runtime.version" value="17.0.9+9-Ubuntu-122.04"/>
    <property name="user.name" value="sujay"/>
    <property name="path.separator" value=":"/>
    <property name="os.version" value="6.5.0-18-generic"/>
    <property name="java.runtime.name" value="OpenJDK Runtime Environment"/>
    <property name="file.encoding" value="UTF-8"/>
    <property name="java.vm.name" value="OpenJDK 64-Bit Server VM"/>
    <property name="localRepository" value="/home/sujay/.m2/repository"/>
    <property name="java.vendor.url.bug" value="Unknown"/>
    <property name="java.io.tmpdir" value="/tmp"/>
    <property name="com.zaxxer.hikari.pool_number" value="1"/>
    <property name="java.version" value="17.0.9"/>
    <property name="user.dir" value="/home/sujay/Spring-boot-crud"/>
    <property name="os.arch" value="amd64"/>
    <property name="java.vm.specification.name" value="Java Virtual Machine Specification"/>
    <property name="PID" value="51819"/>
    <property name="CONSOLE_LOG_CHARSET" value="UTF-8"/>
    <property name="native.encoding" value="UTF-8"/>
    <property name="java.library.path" value="/usr/java/packages/lib:/usr/lib/x86_64-linux-gnu/jni:/lib/x86_64-linux-gnu:/usr/lib/x86_64-linux-gnu:/usr/lib/jni:/lib:/usr/lib"/>
    <property name="java.vm.info" value="mixed mode, sharing"/>
    <property name="java.vendor" value="Private Build"/>
    <property name="java.vm.version" value="17.0.9+9-Ubuntu-122.04"/>
    <property name="sun.io.unicode.encoding" value="UnicodeLittle"/>
    <property name="java.class.version" value="61.0"/>
  </properties>
  <testcase name="contextLoads" classname="com.arjuncodes.springbootcrud.SpringbootCrudApplicationTests" time="0.719">
    <system-out><![CDATA[13:09:08.731 [main] INFO org.springframework.test.context.support.AnnotationConfigContextLoaderUtils -- Could not detect default configuration classes for test class [com.arjuncodes.springbootcrud.SpringbootCrudApplicationTests]: SpringbootCrudApplicationTests does not declare any static, non-private, non-final, nested classes annotated with @Configuration.
13:09:08.911 [main] INFO org.springframework.boot.test.context.SpringBootTestContextBootstrapper -- Found @SpringBootConfiguration com.arjuncodes.springbootcrud.SpringbootCrudApplication for test class com.arjuncodes.springbootcrud.SpringbootCrudApplicationTests
  .   ____          _            __ _ _
 /\\ / ___'_ __ _ _(_)_ __  __ _ \ \ \ \
( ( )\___ | '_ | '_| | '_ \/ _` | \ \ \ \
 \\/  ___)| |_)| | | | | || (_| |  ) ) ) )
  '  |____| .__|_| |_|_| |_\__, | / / / /
 =========|_|==============|___/=/_/_/_/

 :: Spring Boot ::       (v3.3.0-SNAPSHOT)

2024-02-19T13:09:09.552+05:30  INFO 51819 --- [           main] c.a.s.SpringbootCrudApplicationTests     : Starting SpringbootCrudApplicationTests using Java 17.0.9 with PID 51819 (started by sujay in /home/sujay/Spring-boot-crud)
2024-02-19T13:09:09.553+05:30  INFO 51819 --- [           main] c.a.s.SpringbootCrudApplicationTests     : No active profile set, falling back to 1 default profile: "default"
2024-02-19T13:09:10.850+05:30  INFO 51819 --- [           main] .s.d.r.c.RepositoryConfigurationDelegate : Bootstrapping Spring Data JPA repositories in DEFAULT mode.
2024-02-19T13:09:10.921+05:30  INFO 51819 --- [           main] .s.d.r.c.RepositoryConfigurationDelegate : Finished Spring Data repository scanning in 58 ms. Found 1 JPA repository interface.
2024-02-19T13:09:11.579+05:30  INFO 51819 --- [           main] o.hibernate.jpa.internal.util.LogHelper  : HHH000204: Processing PersistenceUnitInfo [name: default]
2024-02-19T13:09:11.670+05:30  INFO 51819 --- [           main] org.hibernate.Version                    : HHH000412: Hibernate ORM core version 6.4.1.Final
2024-02-19T13:09:11.725+05:30  INFO 51819 --- [           main] o.h.c.internal.RegionFactoryInitiator    : HHH000026: Second-level cache disabled
2024-02-19T13:09:12.077+05:30  INFO 51819 --- [           main] o.s.o.j.p.SpringPersistenceUnitInfo      : No LoadTimeWeaver setup: ignoring JPA class transformer
2024-02-19T13:09:12.113+05:30  INFO 51819 --- [           main] com.zaxxer.hikari.HikariDataSource       : HikariPool-1 - Starting...
2024-02-19T13:09:12.703+05:30  INFO 51819 --- [           main] com.zaxxer.hikari.pool.HikariPool        : HikariPool-1 - Added connection com.mysql.cj.jdbc.ConnectionImpl@4fd80300
2024-02-19T13:09:12.706+05:30  INFO 51819 --- [           main] com.zaxxer.hikari.HikariDataSource       : HikariPool-1 - Start completed.
2024-02-19T13:09:12.819+05:30  WARN 51819 --- [           main] org.hibernate.dialect.Dialect            : HHH000511: The 5.7.44 version for [org.hibernate.dialect.MySQLDialect] is no longer supported, hence certain features may not work properly. The minimum supported version is 8.0.0. Check the community dialects project for available legacy versions.
2024-02-19T13:09:14.508+05:30  INFO 51819 --- [           main] o.h.e.t.j.p.i.JtaPlatformInitiator       : HHH000489: No JTA platform available (set 'hibernate.transaction.jta.platform' to enable JTA platform integration)
2024-02-19T13:09:14.641+05:30  INFO 51819 --- [           main] j.LocalContainerEntityManagerFactoryBean : Initialized JPA EntityManagerFactory for persistence unit 'default'
2024-02-19T13:09:15.212+05:30  WARN 51819 --- [           main] JpaBaseConfiguration$JpaWebConfiguration : spring.jpa.open-in-view is enabled by default. Therefore, database queries may be performed during view rendering. Explicitly configure spring.jpa.open-in-view to disable this warning
2024-02-19T13:09:15.985+05:30  INFO 51819 --- [           main] c.a.s.SpringbootCrudApplicationTests     : Started SpringbootCrudApplicationTests in 6.815 seconds (process running for 8.552)
]]></system-out>
  </testcase>
</testsuite>